Apr 18 07:28 : state_file: Unrecognized line in state file: ## Copyright (C) 2020-2022 Aditya Shakya <adi1090x@gmail.com>
Apr 18 07:28 : state_file: Unrecognized line in state file:
Apr 18 07:54 : player: played "NEFFEX - Grateful [Copyright Free].mp3"
Apr 18 08:17 : player: played "NEFFEX - Grateful [Copyright Free].mp3"
Apr 18 08:22 : player: played "NEFFEX - Grateful [Copyright Free].mp3"
Apr 18 08:23 : player: played "NEFFEX - Grateful [Copyright Free].mp3"
Apr 18 10:00 : player: played "NEFFEX - Grateful [Copyright Free].mp3"
Apr 18 23:01 : player: played "NEFFEX - Grateful [Copyright Free].mp3"
WARNING: Unhandled message: interface=org.freedesktop.DBus, path=/org/freedesktop/DBus, member=ActivatableServicesChanged
WARNING: Unhandled message: interface=org.freedesktop.DBus, path=/org/freedesktop/DBus, member=ActivatableServicesChanged
WARNING: Unhandled message: interface=org.freedesktop.DBus, path=/org/freedesktop/DBus, member=ActivatableServicesChanged
WARNING: Unhandled message: interface=org.freedesktop.DBus, path=/org/freedesktop/DBus, member=ActivatableServicesChanged
Apr 19 10:34 : player: played "NEFFEX - Grateful [Copyright Free].mp3"
Apr 19 11:04 : player: played "NEFFEX - Grateful [Copyright Free].mp3"
Apr 19 11:38 : player: played "NEFFEX - Grateful [Copyright Free].mp3"
Apr 19 12:32 : player: played "NEFFEX - Grateful [Copyright Free].mp3"
Apr 19 19:08 : player: played "NEFFEX - Grateful [Copyright Free].mp3"
Apr 19 21:51 : player: played "NEFFEX - Grateful [Copyright Free].mp3"
Apr 19 23:56 : player: played "NEFFEX - Grateful [Copyright Free].mp3"
Apr 20 11:30 : player: played "NEFFEX - Grateful [Copyright Free].mp3"
Apr 22 12:56 : player: played "NEFFEX - Grateful [Copyright Free].mp3"
Apr 23 13:31 : player: played "NEFFEX - Grateful [Copyright Free].mp3"
Apr 23 22:20 : player: played "NEFFEX - Grateful [Copyright Free].mp3"
Apr 23 23:38 : player: played "NEFFEX - Grateful [Copyright Free].mp3"
Apr 24 11:14 : player: played "NEFFEX - Grateful [Copyright Free].mp3"
Apr 25 09:35 : player: played "NEFFEX - Grateful [Copyright Free].mp3"
Apr 26 01:27 : player: played "NEFFEX - Grateful [Copyright Free].mp3"
Apr 26 11:25 : player: played "NEFFEX - Grateful [Copyright Free].mp3"
Apr 27 00:32 : player: played "NEFFEX - Grateful [Copyright Free].mp3"
Apr 27 11:20 : player: played "NEFFEX - Grateful [Copyright Free].mp3"
Apr 28 10:12 : player: played "NEFFEX - Grateful [Copyright Free].mp3"
Apr 28 22:43 : player: played "NEFFEX - Grateful [Copyright Free].mp3"
Apr 29 19:17 : player: played "NEFFEX - Grateful [Copyright Free].mp3"
Apr 30 13:58 : player: played "NEFFEX - Grateful [Copyright Free].mp3"
Apr 30 18:08 : player: played "NEFFEX - Grateful [Copyright Free].mp3"
May 01 10:25 : player: played "NEFFEX - Grateful [Copyright Free].mp3"
May 01 10:30 : player: played "NEFFEX - Grateful [Copyright Free].mp3"
May 01 11:23 : player: played "NEFFEX - Grateful [Copyright Free].mp3"
May 01 11:32 : player: played "NEFFEX - Grateful [Copyright Free].mp3"
May 01 11:35 : player: played "NEFFEX - Grateful [Copyright Free].mp3"
May 01 18:30 : player: played "Cartoon - On & On (feat. Daniel Levi) [NCS Release].mp3"
May 01 18:35 : player: played "Culture Code - Make Me Move (feat. Karra) [NCS Release].mp3"
May 01 18:38 : player: played "Janji - Heroes Tonight (feat. Johnning) [NCS Release].mp3"
May 01 18:40 : player: played "Janji - Heroes Tonight (feat. Johnning) [NCS Release].mp3"
May 01 18:43 : player: played "N3WPORT - Power (feat. braev) [NCS Release].mp3"
May 01 18:48 : player: played "NEFFEX - Grateful [Copyright Free].mp3"
May 01 19:10 : player: played "Culture Code - Make Me Move (feat. Karra) [NCS Release].mp3"
